[15:08:32] [main/INFO] [GradleStart]: No arguments specified, assuming client.
[15:08:32] [main/INFO] [GradleStart]: Extra: []
[15:08:32] [main/INFO] [GradleStart]: Running with arguments: [--userProperties, {}, --username, ForgeDevName, --tweakClass, cpw.mods.fml.common.launcher.FMLTweaker, --accessToken, FML, --assetIndex, 1.7.10, --assetsDir, F:/Users/austin morriosn/.gradle/caches/minecraft/assets, --version, 1.7.10]
[15:08:32] [main/INFO] [LaunchWrapper]: Loading tweak class name cpw.mods.fml.common.launcher.FMLTweaker
[15:08:32] [main/INFO] [LaunchWrapper]: Using primary tweak class name cpw.mods.fml.common.launcher.FMLTweaker
[15:08:32] [main/INFO] [LaunchWrapper]: Calling tweak class cpw.mods.fml.common.launcher.FMLTweaker
[20:34:59] [main/INFO] [GradleStart]: No arguments specified, assuming client.
[20:35:00] [main/INFO] [GradleStart]: Extra: []
[20:35:00] [main/INFO] [GradleStart]: Running with arguments: [--userProperties, {}, --username, ForgeDevName, --tweakClass, cpw.mods.fml.common.launcher.FMLTweaker, --accessToken, FML, --assetIndex, 1.7.10, --assetsDir, F:/Users/austin morriosn/.gradle/caches/minecraft/assets, --version, 1.7.10]
[20:35:00] [main/INFO] [LaunchWrapper]: Loading tweak class name cpw.mods.fml.common.launcher.FMLTweaker
[20:35:00] [main/INFO] [LaunchWrapper]: Using primary tweak class name cpw.mods.fml.common.launcher.FMLTweaker
[20:35:00] [main/INFO] [LaunchWrapper]: Calling tweak class cpw.mods.fml.common.launcher.FMLTweaker
[20:36:21] [main/INFO] [GradleStart]: No arguments specified, assuming client.
[20:36:21] [main/INFO] [GradleStart]: Extra: []
[20:36:21] [main/INFO] [GradleStart]: Running with arguments: [--userProperties, {}, --username, ForgeDevName, --tweakClass, cpw.mods.fml.common.launcher.FMLTweaker, --accessToken, FML, --assetIndex, 1.7.10, --assetsDir, F:/Users/austin morriosn/.gradle/caches/minecraft/assets, --version, 1.7.10]
[20:36:21] [main/INFO] [LaunchWrapper]: Loading tweak class name cpw.mods.fml.common.launcher.FMLTweaker
[20:36:21] [main/INFO] [LaunchWrapper]: Using primary tweak class name cpw.mods.fml.common.launcher.FMLTweaker
[20:36:21] [main/INFO] [LaunchWrapper]: Calling tweak class cpw.mods.fml.common.launcher.FMLTweaker
[20:39:03] [main/INFO] [GradleStart]: No arguments specified, assuming client.
[20:39:03] [main/INFO] [GradleStart]: Extra: []
[20:39:03] [main/INFO] [GradleStart]: Running with arguments: [--userProperties, {}, --username, ForgeDevName, --tweakClass, cpw.mods.fml.common.launcher.FMLTweaker, --accessToken, FML, --assetIndex, 1.7.10, --assetsDir, F:/Users/austin morriosn/.gradle/caches/minecraft/assets, --version, 1.7.10]
[20:39:03] [main/INFO] [LaunchWrapper]: Loading tweak class name cpw.mods.fml.common.launcher.FMLTweaker
[20:39:04] [main/INFO] [LaunchWrapper]: Using primary tweak class name cpw.mods.fml.common.launcher.FMLTweaker
[20:39:04] [main/INFO] [LaunchWrapper]: Calling tweak class cpw.mods.fml.common.launcher.FMLTweaker
[20:43:22] [main/INFO] [GradleStart]: No arguments specified, assuming client.
[20:43:22] [main/INFO] [GradleStart]: Extra: []
[20:43:22] [main/INFO] [GradleStart]: Running with arguments: [--userProperties, {}, --username, ForgeDevName, --tweakClass, cpw.mods.fml.common.launcher.FMLTweaker, --accessToken, FML, --assetIndex, 1.7.10, --assetsDir, F:/Users/austin morriosn/.gradle/caches/minecraft/assets, --version, 1.7.10]
[20:43:22] [main/INFO] [LaunchWrapper]: Loading tweak class name cpw.mods.fml.common.launcher.FMLTweaker
[20:43:22] [main/INFO] [LaunchWrapper]: Using primary tweak class name cpw.mods.fml.common.launcher.FMLTweaker
[20:43:22] [main/INFO] [LaunchWrapper]: Calling tweak class cpw.mods.fml.common.launcher.FMLTweaker
[21:23:22] [main/INFO] [GradleStart]: No arguments specified, assuming client.
[21:23:22] [main/INFO] [GradleStart]: Extra: []
[21:23:22] [main/INFO] [GradleStart]: Running with arguments: [--userProperties, {}, --username, ForgeDevName, --tweakClass, cpw.mods.fml.common.launcher.FMLTweaker, --accessToken, FML, --assetIndex, 1.7.10, --assetsDir, F:/Users/austin morriosn/.gradle/caches/minecraft/assets, --version, 1.7.10]
[21:23:22] [main/INFO] [LaunchWrapper]: Loading tweak class name cpw.mods.fml.common.launcher.FMLTweaker
[21:23:22] [main/INFO] [LaunchWrapper]: Using primary tweak class name cpw.mods.fml.common.launcher.FMLTweaker
[21:23:22] [main/INFO] [LaunchWrapper]: Calling tweak class cpw.mods.fml.common.launcher.FMLTweaker
[21:26:12] [main/INFO] [GradleStart]: No arguments specified, assuming client.
[21:26:12] [main/INFO] [GradleStart]: Extra: []
[21:26:12] [main/INFO] [GradleStart]: Running with arguments: [--userProperties, {}, --username, ForgeDevName, --tweakClass, cpw.mods.fml.common.launcher.FMLTweaker, --accessToken, FML, --assetIndex, 1.7.10, --assetsDir, F:/Users/austin morriosn/.gradle/caches/minecraft/assets, --version, 1.7.10]
[21:26:13] [main/INFO] [LaunchWrapper]: Loading tweak class name cpw.mods.fml.common.launcher.FMLTweaker
[21:26:13] [main/INFO] [LaunchWrapper]: Using primary tweak class name cpw.mods.fml.common.launcher.FMLTweaker
[21:26:13] [main/INFO] [LaunchWrapper]: Calling tweak class cpw.mods.fml.common.launcher.FMLTweaker
[22:06:59] [main/INFO] [GradleStart]: No arguments specified, assuming client.
[22:06:59] [main/INFO] [GradleStart]: Extra: []
[22:06:59] [main/INFO] [GradleStart]: Running with arguments: [--userProperties, {}, --username, ForgeDevName, --tweakClass, cpw.mods.fml.common.launcher.FMLTweaker, --accessToken, FML, --assetIndex, 1.7.10, --assetsDir, F:/Users/austin morriosn/.gradle/caches/minecraft/assets, --version, 1.7.10]
[22:06:59] [main/INFO] [LaunchWrapper]: Loading tweak class name cpw.mods.fml.common.launcher.FMLTweaker
[22:06:59] [main/INFO] [LaunchWrapper]: Using primary tweak class name cpw.mods.fml.common.launcher.FMLTweaker
[22:06:59] [main/INFO] [LaunchWrapper]: Calling tweak class cpw.mods.fml.common.launcher.FMLTweaker
[22:13:01] [main/INFO] [GradleStart]: No arguments specified, assuming client.
[22:13:01] [main/INFO] [GradleStart]: Extra: []
[22:13:01] [main/INFO] [GradleStart]: Running with arguments: [--userProperties, {}, --username, ForgeDevName, --tweakClass, cpw.mods.fml.common.launcher.FMLTweaker, --accessToken, FML, --assetIndex, 1.7.10, --assetsDir, F:/Users/austin morriosn/.gradle/caches/minecraft/assets, --version, 1.7.10]
[22:13:01] [main/INFO] [LaunchWrapper]: Loading tweak class name cpw.mods.fml.common.launcher.FMLTweaker
[22:13:01] [main/INFO] [LaunchWrapper]: Using primary tweak class name cpw.mods.fml.common.launcher.FMLTweaker
[22:13:01] [main/INFO] [LaunchWrapper]: Calling tweak class cpw.mods.fml.common.launcher.FMLTweaker
[22:14:23] [main/INFO] [GradleStart]: No arguments specified, assuming client.
[22:14:23] [main/INFO] [GradleStart]: Extra: []
[22:14:23] [main/INFO] [GradleStart]: Running with arguments: [--userProperties, {}, --username, ForgeDevName, --tweakClass, cpw.mods.fml.common.launcher.FMLTweaker, --accessToken, FML, --assetIndex, 1.7.10, --assetsDir, F:/Users/austin morriosn/.gradle/caches/minecraft/assets, --version, 1.7.10]
[22:14:23] [main/INFO] [LaunchWrapper]: Loading tweak class name cpw.mods.fml.common.launcher.FMLTweaker
[22:14:23] [main/INFO] [LaunchWrapper]: Using primary tweak class name cpw.mods.fml.common.launcher.FMLTweaker
[22:14:23] [main/INFO] [LaunchWrapper]: Calling tweak class cpw.mods.fml.common.launcher.FMLTweaker
