[22:14:28] [main/INFO]: Setting user: ForgeDevName
[22:14:31] [Client thread/INFO]: LWJGL Version: 2.9.1
[22:14:40] [Client thread/INFO]: Reloading ResourceManager: Default, FMLFileResourcePack:Forge Mod Loader, FMLFileResourcePack:Minecraft Forge, FMLFileResourcePack:First Mod
[22:14:42] [Sound Library Loader/INFO]: Sound engine started
[22:14:44] [Client thread/INFO]: Created: 512x256 textures/blocks-atlas
[22:14:44] [Client thread/INFO]: Created: 256x256 textures/items-atlas
[22:14:44] [Client thread/INFO]: Reloading ResourceManager: Default, FMLFileResourcePack:Forge Mod Loader, FMLFileResourcePack:Minecraft Forge, FMLFileResourcePack:First Mod
[22:14:44] [Client thread/INFO]: Created: 256x256 textures/items-atlas
[22:14:45] [Client thread/INFO]: Created: 512x256 textures/blocks-atlas
[22:14:45] [Sound Library Loader/INFO]: Sound engine started
[22:14:50] [Server thread/INFO]: Starting integrated minecraft server version 1.7.10
[22:14:50] [Server thread/INFO]: Generating keypair
[22:14:51] [Server thread/INFO]: Preparing start region for level 0
[22:14:52] [Server thread/INFO]: Preparing spawn area: 96%
[22:14:52] [Server thread/INFO]: Changing view distance to 12, from 10
[22:14:53] [Server thread/INFO]: ForgeDevName[local:E:e2a4d68c] logged in with entity id 129 at (-450.8353697179792, 4.0, 1867.3880578368514)
[22:14:53] [Server thread/INFO]: ForgeDevName joined the game
[22:14:54] [Server thread/INFO]: Saving and pausing game...
[22:14:54] [Server thread/INFO]: Saving chunks for level 'New World'/Overworld
[22:14:54] [Server thread/INFO]: Saving chunks for level 'New World'/Nether
[22:14:54] [Server thread/INFO]: Saving chunks for level 'New World'/The End
[22:15:12] [Server thread/INFO]: [ForgeDevName: Set own game mode to Survival Mode]
[22:15:12] [Client thread/INFO]: [CHAT] Your game mode has been updated
[22:15:17] [Server thread/INFO]: Saving and pausing game...
[22:15:17] [Server thread/INFO]: Saving chunks for level 'New World'/Overworld
[22:15:17] [Server thread/INFO]: Saving chunks for level 'New World'/Nether
[22:15:17] [Server thread/INFO]: Saving chunks for level 'New World'/The End
[22:15:19] [Client thread/INFO]: Stopping!
[22:15:19] [Server thread/INFO]: Stopping server
[22:15:19] [Server thread/INFO]: Saving players
[22:15:19] [Server thread/INFO]: Saving worlds
[22:15:19] [Server thread/INFO]: Saving chunks for level 'New World'/Overworld
[22:15:19] [Server thread/INFO]: Saving chunks for level 'New World'/Nether
[22:15:19] [Server thread/INFO]: Saving chunks for level 'New World'/The End
